# JRE version: OpenJDK Runtime Environment (11.0.5+10) (build 11.0.5+10-b520.30)
# Java VM: OpenJDK 64-Bit Server VM (11.0.5+10-b520.30, mixed mode, tiered, compressed oops, g1 gc, windows-amd64)
Heap:
 garbage-first heap   total 262144K, used 23061K [0x0000000701c00000, 0x0000000800000000)
  region size 1024K, 21 young (21504K), 8 survivors (8192K)
 Metaspace       used 28360K, capacity 28963K, committed 29184K, reserved 1075200K
  class space    used 3297K, capacity 3552K, committed 3584K, reserved 1048576K
GC Heap History (6 events):
Event: 0.614 GC heap before
{Heap before GC invocations=0 (full 0):
 garbage-first heap   total 262144K, used 24576K [0x0000000701c00000, 0x0000000800000000)
  region size 1024K, 24 young (24576K), 0 survivors (0K)
 Metaspace       used 11069K, capacity 11314K, committed 11392K, reserved 1058816K
  class space    used 1070K, capacity 1134K, committed 1152K, reserved 1048576K
}
Event: 0.618 GC heap after
{Heap after GC invocations=1 (full 0):
 garbage-first heap   total 262144K, used 6416K [0x0000000701c00000, 0x0000000800000000)
  region size 1024K, 3 young (3072K), 3 survivors (3072K)
 Metaspace       used 11069K, capacity 11314K, committed 11392K, reserved 1058816K
  class space    used 1070K, capacity 1134K, committed 1152K, reserved 1048576K
}
Event: 1.108 GC heap before
{Heap before GC invocations=1 (full 0):
 garbage-first heap   total 262144K, used 92432K [0x0000000701c00000, 0x0000000800000000)
  region size 1024K, 89 young (91136K), 3 survivors (3072K)
 Metaspace       used 20764K, capacity 21216K, committed 21248K, reserved 1069056K
  class space    used 2393K, capacity 2553K, committed 2560K, reserved 1048576K
}
Event: 1.113 GC heap after
{Heap after GC invocations=2 (full 0):
 garbage-first heap   total 262144K, used 8845K [0x0000000701c00000, 0x0000000800000000)
  region size 1024K, 6 young (6144K), 6 survivors (6144K)
 Metaspace       used 20764K, capacity 21216K, committed 21248K, reserved 1069056K
  class space    used 2393K, capacity 2553K, committed 2560K, reserved 1048576K
}
Event: 1.566 GC heap before
{Heap before GC invocations=3 (full 0):
 garbage-first heap   total 262144K, used 98957K [0x0000000701c00000, 0x0000000800000000)
  region size 1024K, 95 young (97280K), 6 survivors (6144K)
 Metaspace       used 27682K, capacity 28217K, committed 28288K, reserved 1075200K
  class space    used 3214K, capacity 3435K, committed 3456K, reserved 1048576K
}
Event: 1.571 GC heap after
{Heap after GC invocations=4 (full 0):
 garbage-first heap   total 262144K, used 10773K [0x0000000701c00000, 0x0000000800000000)
  region size 1024K, 8 young (8192K), 8 survivors (8192K)
 Metaspace       used 27682K, capacity 28217K, committed 28288K, reserved 1075200K
  class space    used 3214K, capacity 3435K, committed 3456K, reserved 1048576K
}

